{"D:\\Development\\Coding\\Web Dev\\MERN\\Projects\\user-management-system\\backend\\src\\app.js": {"path":"D:\\Development\\Coding\\Web Dev\\MERN\\Projects\\user-management-system\\backend\\src\\app.js","statementMap":{"0":{"start":{"line":1,"column":16},"end":{"line":1,"column":34}},"1":{"start":{"line":2,"column":13},"end":{"line":2,"column":28}},"2":{"start":{"line":3,"column":21},"end":{"line":3,"column":45}},"3":{"start":{"line":4,"column":25},"end":{"line":4,"column":61}},"4":{"start":{"line":6,"column":12},"end":{"line":6,"column":21}},"5":{"start":{"line":9,"column":0},"end":{"line":12,"column":4}},"6":{"start":{"line":15,"column":0},"end":{"line":15,"column":24}},"7":{"start":{"line":16,"column":0},"end":{"line":16,"column":48}},"8":{"start":{"line":17,"column":0},"end":{"line":17,"column":24}},"9":{"start":{"line":20,"column":0},"end":{"line":27,"column":3}},"10":{"start":{"line":21,"column":4},"end":{"line":26,"column":7}},"11":{"start":{"line":30,"column":0},"end":{"line":30,"column":54}},"12":{"start":{"line":31,"column":0},"end":{"line":31,"column":55}},"13":{"start":{"line":34,"column":0},"end":{"line":39,"column":3}},"14":{"start":{"line":35,"column":4},"end":{"line":38,"column":7}},"15":{"start":{"line":42,"column":0},"end":{"line":42,"column":22}},"16":{"start":{"line":44,"column":0},"end":{"line":44,"column":21}}},"fnMap":{"0":{"name":"(anonymous_0)","decl":{"start":{"line":20,"column":13},"end":{"line":20,"column":14}},"loc":{"start":{"line":20,"column":27},"end":{"line":27,"column":1}},"line":20},"1":{"name":"(anonymous_1)","decl":{"start":{"line":34,"column":8},"end":{"line":34,"column":9}},"loc":{"start":{"line":34,"column":22},"end":{"line":39,"column":1}},"line":34}},"branchMap":{"0":{"loc":{"start":{"line":10,"column":12},"end":{"line":10,"column":63}},"type":"binary-expr","locations":[{"start":{"line":10,"column":12},"end":{"line":10,"column":36}},{"start":{"line":10,"column":40},"end":{"line":10,"column":63}}],"line":10}},"s":{"0":3,"1":3,"2":3,"3":3,"4":3,"5":3,"6":3,"7":3,"8":3,"9":3,"10":0,"11":3,"12":3,"13":3,"14":1,"15":3,"16":3},"f":{"0":0,"1":1},"b":{"0":[3,3]},"_coverageSchema":"1a1c01bbd47fc00a2c39e90264f33305004495a9","hash":"8c604c2300e88afe377f7f93c99dfc5393644b1a"}
,"D:\\Development\\Coding\\Web Dev\\MERN\\Projects\\user-management-system\\backend\\src\\controllers\\auth.controller.js": {"path":"D:\\Development\\Coding\\Web Dev\\MERN\\Projects\\user-management-system\\backend\\src\\controllers\\auth.controller.js","statementMap":{"0":{"start":{"line":1,"column":15},"end":{"line":1,"column":32}},"1":{"start":{"line":2,"column":13},"end":{"line":2,"column":38}},"2":{"start":{"line":3,"column":22},"end":{"line":3,"column":47}},"3":{"start":{"line":4,"column":21},"end":{"line":4,"column":58}},"4":{"start":{"line":6,"column":0},"end":{"line":56,"column":2}},"5":{"start":{"line":7,"column":4},"end":{"line":55,"column":5}},"6":{"start":{"line":8,"column":46},"end":{"line":8,"column":54}},"7":{"start":{"line":11,"column":29},"end":{"line":11,"column":58}},"8":{"start":{"line":12,"column":8},"end":{"line":17,"column":9}},"9":{"start":{"line":13,"column":12},"end":{"line":16,"column":15}},"10":{"start":{"line":20,"column":23},"end":{"line":20,"column":54}},"11":{"start":{"line":23,"column":21},"end":{"line":27,"column":10}},"12":{"start":{"line":30,"column":22},"end":{"line":30,"column":41}},"13":{"start":{"line":33,"column":8},"end":{"line":38,"column":11}},"14":{"start":{"line":41,"column":8},"end":{"line":52,"column":11}},"15":{"start":{"line":54,"column":8},"end":{"line":54,"column":20}},"16":{"start":{"line":58,"column":0},"end":{"line":119,"column":2}},"17":{"start":{"line":59,"column":4},"end":{"line":118,"column":5}},"18":{"start":{"line":60,"column":36},"end":{"line":60,"column":44}},"19":{"start":{"line":63,"column":21},"end":{"line":63,"column":50}},"20":{"start":{"line":64,"column":8},"end":{"line":69,"column":9}},"21":{"start":{"line":65,"column":12},"end":{"line":68,"column":15}},"22":{"start":{"line":72,"column":32},"end":{"line":72,"column":77}},"23":{"start":{"line":73,"column":8},"end":{"line":78,"column":9}},"24":{"start":{"line":74,"column":12},"end":{"line":77,"column":15}},"25":{"start":{"line":81,"column":8},"end":{"line":86,"column":9}},"26":{"start":{"line":82,"column":12},"end":{"line":85,"column":15}},"27":{"start":{"line":89,"column":8},"end":{"line":89,"column":36}},"28":{"start":{"line":90,"column":8},"end":{"line":90,"column":26}},"29":{"start":{"line":93,"column":22},"end":{"line":93,"column":41}},"30":{"start":{"line":96,"column":8},"end":{"line":101,"column":11}},"31":{"start":{"line":104,"column":8},"end":{"line":115,"column":11}},"32":{"start":{"line":117,"column":8},"end":{"line":117,"column":20}},"33":{"start":{"line":121,"column":0},"end":{"line":133,"column":2}},"34":{"start":{"line":122,"column":4},"end":{"line":132,"column":5}},"35":{"start":{"line":124,"column":8},"end":{"line":124,"column":33}},"36":{"start":{"line":126,"column":8},"end":{"line":129,"column":11}},"37":{"start":{"line":131,"column":8},"end":{"line":131,"column":20}},"38":{"start":{"line":135,"column":0},"end":{"line":162,"column":2}},"39":{"start":{"line":136,"column":4},"end":{"line":161,"column":5}},"40":{"start":{"line":137,"column":21},"end":{"line":137,"column":73}},"41":{"start":{"line":139,"column":8},"end":{"line":144,"column":9}},"42":{"start":{"line":140,"column":12},"end":{"line":143,"column":15}},"43":{"start":{"line":146,"column":8},"end":{"line":158,"column":11}},"44":{"start":{"line":160,"column":8},"end":{"line":160,"column":20}}},"fnMap":{"0":{"name":"(anonymous_0)","decl":{"start":{"line":6,"column":17},"end":{"line":6,"column":18}},"loc":{"start":{"line":6,"column":43},"end":{"line":56,"column":1}},"line":6},"1":{"name":"(anonymous_1)","decl":{"start":{"line":58,"column":16},"end":{"line":58,"column":17}},"loc":{"start":{"line":58,"column":42},"end":{"line":119,"column":1}},"line":58},"2":{"name":"(anonymous_2)","decl":{"start":{"line":121,"column":17},"end":{"line":121,"column":18}},"loc":{"start":{"line":121,"column":37},"end":{"line":133,"column":1}},"line":121},"3":{"name":"(anonymous_3)","decl":{"start":{"line":135,"column":13},"end":{"line":135,"column":14}},"loc":{"start":{"line":135,"column":39},"end":{"line":162,"column":1}},"line":135}},"branchMap":{"0":{"loc":{"start":{"line":12,"column":8},"end":{"line":17,"column":9}},"type":"if","locations":[{"start":{"line":12,"column":8},"end":{"line":17,"column":9}},{"start":{},"end":{}}],"line":12},"1":{"loc":{"start":{"line":64,"column":8},"end":{"line":69,"column":9}},"type":"if","locations":[{"start":{"line":64,"column":8},"end":{"line":69,"column":9}},{"start":{},"end":{}}],"line":64},"2":{"loc":{"start":{"line":73,"column":8},"end":{"line":78,"column":9}},"type":"if","locations":[{"start":{"line":73,"column":8},"end":{"line":78,"column":9}},{"start":{},"end":{}}],"line":73},"3":{"loc":{"start":{"line":81,"column":8},"end":{"line":86,"column":9}},"type":"if","locations":[{"start":{"line":81,"column":8},"end":{"line":86,"column":9}},{"start":{},"end":{}}],"line":81},"4":{"loc":{"start":{"line":139,"column":8},"end":{"line":144,"column":9}},"type":"if","locations":[{"start":{"line":139,"column":8},"end":{"line":144,"column":9}},{"start":{},"end":{}}],"line":139}},"s":{"0":3,"1":3,"2":3,"3":3,"4":3,"5":42,"6":42,"7":42,"8":42,"9":1,"10":41,"11":41,"12":41,"13":41,"14":41,"15":0,"16":3,"17":26,"18":26,"19":26,"20":26,"21":1,"22":25,"23":25,"24":1,"25":24,"26":1,"27":23,"28":23,"29":23,"30":23,"31":23,"32":0,"33":3,"34":2,"35":2,"36":2,"37":0,"38":3,"39":2,"40":2,"41":2,"42":0,"43":2,"44":0},"f":{"0":42,"1":26,"2":2,"3":2},"b":{"0":[1,41],"1":[1,25],"2":[1,24],"3":[1,23],"4":[0,2]},"_coverageSchema":"1a1c01bbd47fc00a2c39e90264f33305004495a9","hash":"6c9486590d7af43fe380d922eee70d19f756c925"}
,"D:\\Development\\Coding\\Web Dev\\MERN\\Projects\\user-management-system\\backend\\src\\controllers\\user.controller.js": {"path":"D:\\Development\\Coding\\Web Dev\\MERN\\Projects\\user-management-system\\backend\\src\\controllers\\user.controller.js","statementMap":{"0":{"start":{"line":1,"column":13},"end":{"line":1,"column":38}},"1":{"start":{"line":2,"column":15},"end":{"line":2,"column":32}},"2":{"start":{"line":3,"column":21},"end":{"line":3,"column":58}},"3":{"start":{"line":5,"column":0},"end":{"line":39,"column":2}},"4":{"start":{"line":6,"column":4},"end":{"line":38,"column":5}},"5":{"start":{"line":7,"column":21},"end":{"line":7,"column":50}},"6":{"start":{"line":8,"column":22},"end":{"line":8,"column":53}},"7":{"start":{"line":9,"column":21},"end":{"line":9,"column":39}},"8":{"start":{"line":12,"column":22},"end":{"line":12,"column":49}},"9":{"start":{"line":15,"column":22},"end":{"line":19,"column":36}},"10":{"start":{"line":22,"column":27},"end":{"line":22,"column":51}},"11":{"start":{"line":24,"column":8},"end":{"line":35,"column":11}},"12":{"start":{"line":37,"column":8},"end":{"line":37,"column":20}},"13":{"start":{"line":41,"column":0},"end":{"line":80,"column":2}},"14":{"start":{"line":42,"column":4},"end":{"line":79,"column":5}},"15":{"start":{"line":43,"column":23},"end":{"line":43,"column":33}},"16":{"start":{"line":46,"column":21},"end":{"line":46,"column":44}},"17":{"start":{"line":47,"column":8},"end":{"line":52,"column":9}},"18":{"start":{"line":48,"column":12},"end":{"line":51,"column":15}},"19":{"start":{"line":55,"column":8},"end":{"line":60,"column":9}},"20":{"start":{"line":56,"column":12},"end":{"line":59,"column":15}},"21":{"start":{"line":63,"column":8},"end":{"line":63,"column":71}},"22":{"start":{"line":64,"column":8},"end":{"line":64,"column":26}},"23":{"start":{"line":66,"column":8},"end":{"line":76,"column":11}},"24":{"start":{"line":78,"column":8},"end":{"line":78,"column":20}},"25":{"start":{"line":82,"column":0},"end":{"line":133,"column":2}},"26":{"start":{"line":83,"column":4},"end":{"line":132,"column":5}},"27":{"start":{"line":84,"column":36},"end":{"line":84,"column":44}},"28":{"start":{"line":85,"column":23},"end":{"line":85,"column":34}},"29":{"start":{"line":88,"column":8},"end":{"line":100,"column":9}},"30":{"start":{"line":89,"column":33},"end":{"line":92,"column":14}},"31":{"start":{"line":94,"column":12},"end":{"line":99,"column":13}},"32":{"start":{"line":95,"column":16},"end":{"line":98,"column":19}},"33":{"start":{"line":103,"column":28},"end":{"line":110,"column":29}},"34":{"start":{"line":112,"column":8},"end":{"line":117,"column":9}},"35":{"start":{"line":113,"column":12},"end":{"line":116,"column":15}},"36":{"start":{"line":119,"column":8},"end":{"line":129,"column":11}},"37":{"start":{"line":131,"column":8},"end":{"line":131,"column":20}},"38":{"start":{"line":135,"column":0},"end":{"line":172,"column":2}},"39":{"start":{"line":136,"column":4},"end":{"line":171,"column":5}},"40":{"start":{"line":137,"column":45},"end":{"line":137,"column":53}},"41":{"start":{"line":138,"column":23},"end":{"line":138,"column":34}},"42":{"start":{"line":141,"column":21},"end":{"line":141,"column":48}},"43":{"start":{"line":142,"column":8},"end":{"line":147,"column":9}},"44":{"start":{"line":143,"column":12},"end":{"line":146,"column":15}},"45":{"start":{"line":150,"column":32},"end":{"line":150,"column":80}},"46":{"start":{"line":151,"column":8},"end":{"line":156,"column":9}},"47":{"start":{"line":152,"column":12},"end":{"line":155,"column":15}},"48":{"start":{"line":159,"column":31},"end":{"line":159,"column":65}},"49":{"start":{"line":162,"column":8},"end":{"line":162,"column":39}},"50":{"start":{"line":163,"column":8},"end":{"line":163,"column":26}},"51":{"start":{"line":165,"column":8},"end":{"line":168,"column":11}},"52":{"start":{"line":170,"column":8},"end":{"line":170,"column":20}}},"fnMap":{"0":{"name":"(anonymous_0)","decl":{"start":{"line":5,"column":22},"end":{"line":5,"column":23}},"loc":{"start":{"line":5,"column":48},"end":{"line":39,"column":1}},"line":5},"1":{"name":"(anonymous_1)","decl":{"start":{"line":41,"column":23},"end":{"line":41,"column":24}},"loc":{"start":{"line":41,"column":49},"end":{"line":80,"column":1}},"line":41},"2":{"name":"(anonymous_2)","decl":{"start":{"line":82,"column":24},"end":{"line":82,"column":25}},"loc":{"start":{"line":82,"column":50},"end":{"line":133,"column":1}},"line":82},"3":{"name":"(anonymous_3)","decl":{"start":{"line":135,"column":25},"end":{"line":135,"column":26}},"loc":{"start":{"line":135,"column":51},"end":{"line":172,"column":1}},"line":135}},"branchMap":{"0":{"loc":{"start":{"line":7,"column":21},"end":{"line":7,"column":50}},"type":"binary-expr","locations":[{"start":{"line":7,"column":21},"end":{"line":7,"column":45}},{"start":{"line":7,"column":49},"end":{"line":7,"column":50}}],"line":7},"1":{"loc":{"start":{"line":8,"column":22},"end":{"line":8,"column":53}},"type":"binary-expr","locations":[{"start":{"line":8,"column":22},"end":{"line":8,"column":47}},{"start":{"line":8,"column":51},"end":{"line":8,"column":53}}],"line":8},"2":{"loc":{"start":{"line":47,"column":8},"end":{"line":52,"column":9}},"type":"if","locations":[{"start":{"line":47,"column":8},"end":{"line":52,"column":9}},{"start":{},"end":{}}],"line":47},"3":{"loc":{"start":{"line":55,"column":8},"end":{"line":60,"column":9}},"type":"if","locations":[{"start":{"line":55,"column":8},"end":{"line":60,"column":9}},{"start":{},"end":{}}],"line":55},"4":{"loc":{"start":{"line":63,"column":22},"end":{"line":63,"column":70}},"type":"cond-expr","locations":[{"start":{"line":63,"column":49},"end":{"line":63,"column":59}},{"start":{"line":63,"column":62},"end":{"line":63,"column":70}}],"line":63},"5":{"loc":{"start":{"line":68,"column":29},"end":{"line":68,"column":83}},"type":"cond-expr","locations":[{"start":{"line":68,"column":56},"end":{"line":68,"column":67}},{"start":{"line":68,"column":70},"end":{"line":68,"column":83}}],"line":68},"6":{"loc":{"start":{"line":88,"column":8},"end":{"line":100,"column":9}},"type":"if","locations":[{"start":{"line":88,"column":8},"end":{"line":100,"column":9}},{"start":{},"end":{}}],"line":88},"7":{"loc":{"start":{"line":94,"column":12},"end":{"line":99,"column":13}},"type":"if","locations":[{"start":{"line":94,"column":12},"end":{"line":99,"column":13}},{"start":{},"end":{}}],"line":94},"8":{"loc":{"start":{"line":106,"column":20},"end":{"line":106,"column":44}},"type":"binary-expr","locations":[{"start":{"line":106,"column":20},"end":{"line":106,"column":28}},{"start":{"line":106,"column":32},"end":{"line":106,"column":44}}],"line":106},"9":{"loc":{"start":{"line":107,"column":20},"end":{"line":107,"column":38}},"type":"binary-expr","locations":[{"start":{"line":107,"column":20},"end":{"line":107,"column":25}},{"start":{"line":107,"column":29},"end":{"line":107,"column":38}}],"line":107},"10":{"loc":{"start":{"line":112,"column":8},"end":{"line":117,"column":9}},"type":"if","locations":[{"start":{"line":112,"column":8},"end":{"line":117,"column":9}},{"start":{},"end":{}}],"line":112},"11":{"loc":{"start":{"line":142,"column":8},"end":{"line":147,"column":9}},"type":"if","locations":[{"start":{"line":142,"column":8},"end":{"line":147,"column":9}},{"start":{},"end":{}}],"line":142},"12":{"loc":{"start":{"line":151,"column":8},"end":{"line":156,"column":9}},"type":"if","locations":[{"start":{"line":151,"column":8},"end":{"line":156,"column":9}},{"start":{},"end":{}}],"line":151}},"s":{"0":3,"1":3,"2":3,"3":3,"4":2,"5":2,"6":2,"7":2,"8":2,"9":2,"10":2,"11":2,"12":0,"13":3,"14":4,"15":4,"16":4,"17":4,"18":1,"19":3,"20":1,"21":2,"22":2,"23":2,"24":0,"25":3,"26":4,"27":4,"28":4,"29":4,"30":2,"31":2,"32":1,"33":3,"34":3,"35":0,"36":3,"37":0,"38":3,"39":3,"40":3,"41":3,"42":3,"43":3,"44":0,"45":3,"46":3,"47":1,"48":2,"49":2,"50":2,"51":2,"52":0},"f":{"0":2,"1":4,"2":4,"3":3},"b":{"0":[2,0],"1":[2,0],"2":[1,3],"3":[1,2],"4":[1,1],"5":[1,1],"6":[2,2],"7":[1,1],"8":[3,2],"9":[3,1],"10":[0,3],"11":[0,3],"12":[1,2]},"_coverageSchema":"1a1c01bbd47fc00a2c39e90264f33305004495a9","hash":"b2992b323016ba0478a535d065058c779cd35d5d"}
,"D:\\Development\\Coding\\Web Dev\\MERN\\Projects\\user-management-system\\backend\\src\\middleware\\auth.middleware.js": {"path":"D:\\Development\\Coding\\Web Dev\\MERN\\Projects\\user-management-system\\backend\\src\\middleware\\auth.middleware.js","statementMap":{"0":{"start":{"line":1,"column":12},"end":{"line":1,"column":35}},"1":{"start":{"line":3,"column":0},"end":{"line":35,"column":2}},"2":{"start":{"line":5,"column":16},"end":{"line":5,"column":20}},"3":{"start":{"line":8,"column":23},"end":{"line":8,"column":48}},"4":{"start":{"line":9,"column":4},"end":{"line":11,"column":5}},"5":{"start":{"line":10,"column":8},"end":{"line":10,"column":40}},"6":{"start":{"line":14,"column":4},"end":{"line":16,"column":5}},"7":{"start":{"line":15,"column":8},"end":{"line":15,"column":34}},"8":{"start":{"line":18,"column":4},"end":{"line":23,"column":5}},"9":{"start":{"line":19,"column":8},"end":{"line":22,"column":11}},"10":{"start":{"line":25,"column":4},"end":{"line":34,"column":5}},"11":{"start":{"line":26,"column":24},"end":{"line":26,"column":65}},"12":{"start":{"line":27,"column":8},"end":{"line":27,"column":27}},"13":{"start":{"line":28,"column":8},"end":{"line":28,"column":15}},"14":{"start":{"line":30,"column":8},"end":{"line":33,"column":11}}},"fnMap":{"0":{"name":"(anonymous_0)","decl":{"start":{"line":3,"column":17},"end":{"line":3,"column":18}},"loc":{"start":{"line":3,"column":37},"end":{"line":35,"column":1}},"line":3}},"branchMap":{"0":{"loc":{"start":{"line":9,"column":4},"end":{"line":11,"column":5}},"type":"if","locations":[{"start":{"line":9,"column":4},"end":{"line":11,"column":5}},{"start":{},"end":{}}],"line":9},"1":{"loc":{"start":{"line":9,"column":8},"end":{"line":9,"column":54}},"type":"binary-expr","locations":[{"start":{"line":9,"column":8},"end":{"line":9,"column":18}},{"start":{"line":9,"column":22},"end":{"line":9,"column":54}}],"line":9},"2":{"loc":{"start":{"line":14,"column":4},"end":{"line":16,"column":5}},"type":"if","locations":[{"start":{"line":14,"column":4},"end":{"line":16,"column":5}},{"start":{},"end":{}}],"line":14},"3":{"loc":{"start":{"line":14,"column":8},"end":{"line":14,"column":35}},"type":"binary-expr","locations":[{"start":{"line":14,"column":8},"end":{"line":14,"column":14}},{"start":{"line":14,"column":18},"end":{"line":14,"column":35}}],"line":14},"4":{"loc":{"start":{"line":18,"column":4},"end":{"line":23,"column":5}},"type":"if","locations":[{"start":{"line":18,"column":4},"end":{"line":23,"column":5}},{"start":{},"end":{}}],"line":18},"5":{"loc":{"start":{"line":32,"column":21},"end":{"line":32,"column":91}},"type":"cond-expr","locations":[{"start":{"line":32,"column":58},"end":{"line":32,"column":73}},{"start":{"line":32,"column":76},"end":{"line":32,"column":91}}],"line":32}},"s":{"0":3,"1":3,"2":28,"3":28,"4":28,"5":25,"6":28,"7":0,"8":28,"9":3,"10":25,"11":25,"12":23,"13":23,"14":2},"f":{"0":28},"b":{"0":[25,3],"1":[28,25],"2":[0,28],"3":[28,3],"4":[3,25],"5":[0,2]},"_coverageSchema":"1a1c01bbd47fc00a2c39e90264f33305004495a9","hash":"62a4d8ec9395919d9f1b01d9fbdc1de11d46cb19"}
,"D:\\Development\\Coding\\Web Dev\\MERN\\Projects\\user-management-system\\backend\\src\\middleware\\errorHandler.js": {"path":"D:\\Development\\Coding\\Web Dev\\MERN\\Projects\\user-management-system\\backend\\src\\middleware\\errorHandler.js","statementMap":{"0":{"start":{"line":2,"column":21},"end":{"line":64,"column":1}},"1":{"start":{"line":3,"column":4},"end":{"line":3,"column":33}},"2":{"start":{"line":6,"column":16},"end":{"line":10,"column":5}},"3":{"start":{"line":13,"column":4},"end":{"line":17,"column":5}},"4":{"start":{"line":14,"column":22},"end":{"line":14,"column":52}},"5":{"start":{"line":15,"column":8},"end":{"line":15,"column":91}},"6":{"start":{"line":16,"column":8},"end":{"line":16,"column":31}},"7":{"start":{"line":20,"column":4},"end":{"line":27,"column":5}},"8":{"start":{"line":21,"column":8},"end":{"line":21,"column":44}},"9":{"start":{"line":22,"column":8},"end":{"line":22,"column":31}},"10":{"start":{"line":23,"column":8},"end":{"line":26,"column":12}},"11":{"start":{"line":23,"column":59},"end":{"line":26,"column":9}},"12":{"start":{"line":30,"column":4},"end":{"line":33,"column":5}},"13":{"start":{"line":31,"column":8},"end":{"line":31,"column":60}},"14":{"start":{"line":32,"column":8},"end":{"line":32,"column":31}},"15":{"start":{"line":36,"column":4},"end":{"line":39,"column":5}},"16":{"start":{"line":37,"column":8},"end":{"line":37,"column":40}},"17":{"start":{"line":38,"column":8},"end":{"line":38,"column":31}},"18":{"start":{"line":41,"column":4},"end":{"line":44,"column":5}},"19":{"start":{"line":42,"column":8},"end":{"line":42,"column":40}},"20":{"start":{"line":43,"column":8},"end":{"line":43,"column":31}},"21":{"start":{"line":47,"column":21},"end":{"line":51,"column":5}},"22":{"start":{"line":54,"column":4},"end":{"line":56,"column":5}},"23":{"start":{"line":55,"column":8},"end":{"line":55,"column":39}},"24":{"start":{"line":59,"column":4},"end":{"line":61,"column":5}},"25":{"start":{"line":60,"column":8},"end":{"line":60,"column":35}},"26":{"start":{"line":63,"column":4},"end":{"line":63,"column":48}},"27":{"start":{"line":69,"column":8},"end":{"line":69,"column":23}},"28":{"start":{"line":70,"column":8},"end":{"line":70,"column":37}},"29":{"start":{"line":71,"column":8},"end":{"line":71,"column":34}},"30":{"start":{"line":73,"column":8},"end":{"line":73,"column":56}},"31":{"start":{"line":77,"column":0},"end":{"line":77,"column":44}}},"fnMap":{"0":{"name":"(anonymous_0)","decl":{"start":{"line":2,"column":21},"end":{"line":2,"column":22}},"loc":{"start":{"line":2,"column":46},"end":{"line":64,"column":1}},"line":2},"1":{"name":"(anonymous_1)","decl":{"start":{"line":23,"column":53},"end":{"line":23,"column":54}},"loc":{"start":{"line":23,"column":59},"end":{"line":26,"column":9}},"line":23},"2":{"name":"(anonymous_2)","decl":{"start":{"line":68,"column":4},"end":{"line":68,"column":5}},"loc":{"start":{"line":68,"column":37},"end":{"line":74,"column":5}},"line":68}},"branchMap":{"0":{"loc":{"start":{"line":8,"column":17},"end":{"line":8,"column":55}},"type":"binary-expr","locations":[{"start":{"line":8,"column":17},"end":{"line":8,"column":28}},{"start":{"line":8,"column":32},"end":{"line":8,"column":55}}],"line":8},"1":{"loc":{"start":{"line":9,"column":20},"end":{"line":9,"column":41}},"type":"binary-expr","locations":[{"start":{"line":9,"column":20},"end":{"line":9,"column":34}},{"start":{"line":9,"column":38},"end":{"line":9,"column":41}}],"line":9},"2":{"loc":{"start":{"line":13,"column":4},"end":{"line":17,"column":5}},"type":"if","locations":[{"start":{"line":13,"column":4},"end":{"line":17,"column":5}},{"start":{},"end":{}}],"line":13},"3":{"loc":{"start":{"line":20,"column":4},"end":{"line":27,"column":5}},"type":"if","locations":[{"start":{"line":20,"column":4},"end":{"line":27,"column":5}},{"start":{},"end":{}}],"line":20},"4":{"loc":{"start":{"line":30,"column":4},"end":{"line":33,"column":5}},"type":"if","locations":[{"start":{"line":30,"column":4},"end":{"line":33,"column":5}},{"start":{},"end":{}}],"line":30},"5":{"loc":{"start":{"line":36,"column":4},"end":{"line":39,"column":5}},"type":"if","locations":[{"start":{"line":36,"column":4},"end":{"line":39,"column":5}},{"start":{},"end":{}}],"line":36},"6":{"loc":{"start":{"line":41,"column":4},"end":{"line":44,"column":5}},"type":"if","locations":[{"start":{"line":41,"column":4},"end":{"line":44,"column":5}},{"start":{},"end":{}}],"line":41},"7":{"loc":{"start":{"line":54,"column":4},"end":{"line":56,"column":5}},"type":"if","locations":[{"start":{"line":54,"column":4},"end":{"line":56,"column":5}},{"start":{},"end":{}}],"line":54},"8":{"loc":{"start":{"line":59,"column":4},"end":{"line":61,"column":5}},"type":"if","locations":[{"start":{"line":59,"column":4},"end":{"line":61,"column":5}},{"start":{},"end":{}}],"line":59}},"s":{"0":3,"1":0,"2":0,"3":0,"4":0,"5":0,"6":0,"7":0,"8":0,"9":0,"10":0,"11":0,"12":0,"13":0,"14":0,"15":0,"16":0,"17":0,"18":0,"19":0,"20":0,"21":0,"22":0,"23":0,"24":0,"25":0,"26":0,"27":0,"28":0,"29":0,"30":0,"31":3},"f":{"0":0,"1":0,"2":0},"b":{"0":[0,0],"1":[0,0],"2":[0,0],"3":[0,0],"4":[0,0],"5":[0,0],"6":[0,0],"7":[0,0],"8":[0,0]},"_coverageSchema":"1a1c01bbd47fc00a2c39e90264f33305004495a9","hash":"7851b08cd7455b66356712336679595d6c11d57a"}
,"D:\\Development\\Coding\\Web Dev\\MERN\\Projects\\user-management-system\\backend\\src\\middleware\\role.middleware.js": {"path":"D:\\Development\\Coding\\Web Dev\\MERN\\Projects\\user-management-system\\backend\\src\\middleware\\role.middleware.js","statementMap":{"0":{"start":{"line":1,"column":0},"end":{"line":9,"column":2}},"1":{"start":{"line":1,"column":27},"end":{"line":9,"column":1}},"2":{"start":{"line":2,"column":4},"end":{"line":7,"column":5}},"3":{"start":{"line":3,"column":8},"end":{"line":6,"column":11}},"4":{"start":{"line":8,"column":4},"end":{"line":8,"column":11}}},"fnMap":{"0":{"name":"(anonymous_0)","decl":{"start":{"line":1,"column":17},"end":{"line":1,"column":18}},"loc":{"start":{"line":1,"column":27},"end":{"line":9,"column":1}},"line":1},"1":{"name":"(anonymous_1)","decl":{"start":{"line":1,"column":27},"end":{"line":1,"column":28}},"loc":{"start":{"line":1,"column":47},"end":{"line":9,"column":1}},"line":1}},"branchMap":{"0":{"loc":{"start":{"line":2,"column":4},"end":{"line":7,"column":5}},"type":"if","locations":[{"start":{"line":2,"column":4},"end":{"line":7,"column":5}},{"start":{},"end":{}}],"line":2}},"s":{"0":3,"1":6,"2":8,"3":2,"4":6},"f":{"0":6,"1":8},"b":{"0":[2,6]},"_coverageSchema":"1a1c01bbd47fc00a2c39e90264f33305004495a9","hash":"a9e1821756a7ea0e1ce26f49b75efb805363808c"}
,"D:\\Development\\Coding\\Web Dev\\MERN\\Projects\\user-management-system\\backend\\src\\middleware\\validators.js": {"path":"D:\\Development\\Coding\\Web Dev\\MERN\\Projects\\user-management-system\\backend\\src\\middleware\\validators.js","statementMap":{"0":{"start":{"line":1,"column":35},"end":{"line":1,"column":63}},"1":{"start":{"line":4,"column":31},"end":{"line":17,"column":1}},"2":{"start":{"line":5,"column":19},"end":{"line":5,"column":40}},"3":{"start":{"line":6,"column":4},"end":{"line":15,"column":5}},"4":{"start":{"line":7,"column":8},"end":{"line":14,"column":11}},"5":{"start":{"line":10,"column":47},"end":{"line":13,"column":13}},"6":{"start":{"line":16,"column":4},"end":{"line":16,"column":11}},"7":{"start":{"line":20,"column":23},"end":{"line":51,"column":1}},"8":{"start":{"line":47,"column":36},"end":{"line":47,"column":63}},"9":{"start":{"line":54,"column":22},"end":{"line":68,"column":1}},"10":{"start":{"line":71,"column":30},"end":{"line":98,"column":1}},"11":{"start":{"line":101,"column":31},"end":{"line":123,"column":1}},"12":{"start":{"line":113,"column":36},"end":{"line":113,"column":66}},"13":{"start":{"line":119,"column":36},"end":{"line":119,"column":66}},"14":{"start":{"line":125,"column":0},"end":{"line":130,"column":2}}},"fnMap":{"0":{"name":"(anonymous_0)","decl":{"start":{"line":4,"column":31},"end":{"line":4,"column":32}},"loc":{"start":{"line":4,"column":51},"end":{"line":17,"column":1}},"line":4},"1":{"name":"(anonymous_1)","decl":{"start":{"line":10,"column":39},"end":{"line":10,"column":40}},"loc":{"start":{"line":10,"column":47},"end":{"line":13,"column":13}},"line":10},"2":{"name":"(anonymous_2)","decl":{"start":{"line":47,"column":16},"end":{"line":47,"column":17}},"loc":{"start":{"line":47,"column":36},"end":{"line":47,"column":63}},"line":47},"3":{"name":"(anonymous_3)","decl":{"start":{"line":113,"column":16},"end":{"line":113,"column":17}},"loc":{"start":{"line":113,"column":36},"end":{"line":113,"column":66}},"line":113},"4":{"name":"(anonymous_4)","decl":{"start":{"line":119,"column":16},"end":{"line":119,"column":17}},"loc":{"start":{"line":119,"column":36},"end":{"line":119,"column":66}},"line":119}},"branchMap":{"0":{"loc":{"start":{"line":6,"column":4},"end":{"line":15,"column":5}},"type":"if","locations":[{"start":{"line":6,"column":4},"end":{"line":15,"column":5}},{"start":{},"end":{}}],"line":6}},"s":{"0":3,"1":3,"2":99,"3":99,"4":24,"5":31,"6":75,"7":3,"8":59,"9":3,"10":3,"11":3,"12":6,"13":6,"14":3},"f":{"0":99,"1":31,"2":59,"3":6,"4":6},"b":{"0":[24,75]},"_coverageSchema":"1a1c01bbd47fc00a2c39e90264f33305004495a9","hash":"8c5213feec8f218e454360c431efd15c6cf8bdce"}
,"D:\\Development\\Coding\\Web Dev\\MERN\\Projects\\user-management-system\\backend\\src\\models\\User.js": {"path":"D:\\Development\\Coding\\Web Dev\\MERN\\Projects\\user-management-system\\backend\\src\\models\\User.js","statementMap":{"0":{"start":{"line":1,"column":17},"end":{"line":1,"column":36}},"1":{"start":{"line":3,"column":19},"end":{"line":44,"column":1}},"2":{"start":{"line":37,"column":16},"end":{"line":37,"column":33}},"3":{"start":{"line":38,"column":16},"end":{"line":38,"column":31}},"4":{"start":{"line":39,"column":16},"end":{"line":39,"column":31}},"5":{"start":{"line":40,"column":16},"end":{"line":40,"column":27}},"6":{"start":{"line":47,"column":0},"end":{"line":47,"column":31}},"7":{"start":{"line":49,"column":0},"end":{"line":49,"column":52}}},"fnMap":{"0":{"name":"(anonymous_0)","decl":{"start":{"line":36,"column":23},"end":{"line":36,"column":24}},"loc":{"start":{"line":36,"column":43},"end":{"line":41,"column":13}},"line":36}},"branchMap":{},"s":{"0":3,"1":3,"2":7,"3":7,"4":7,"5":7,"6":3,"7":3},"f":{"0":7},"b":{},"_coverageSchema":"1a1c01bbd47fc00a2c39e90264f33305004495a9","hash":"3eef4e5f26f79bbba95bc2ff866ec040209bb336"}
,"D:\\Development\\Coding\\Web Dev\\MERN\\Projects\\user-management-system\\backend\\src\\routes\\auth.routes.js": {"path":"D:\\Development\\Coding\\Web Dev\\MERN\\Projects\\user-management-system\\backend\\src\\routes\\auth.routes.js","statementMap":{"0":{"start":{"line":1,"column":15},"end":{"line":1,"column":42}},"1":{"start":{"line":2,"column":13},"end":{"line":2,"column":54}},"2":{"start":{"line":3,"column":23},"end":{"line":3,"column":63}},"3":{"start":{"line":4,"column":42},"end":{"line":4,"column":77}},"4":{"start":{"line":6,"column":0},"end":{"line":6,"column":52}},"5":{"start":{"line":7,"column":0},"end":{"line":7,"column":49}},"6":{"start":{"line":8,"column":0},"end":{"line":8,"column":36}},"7":{"start":{"line":9,"column":0},"end":{"line":9,"column":43}},"8":{"start":{"line":11,"column":0},"end":{"line":11,"column":24}}},"fnMap":{},"branchMap":{},"s":{"0":3,"1":3,"2":3,"3":3,"4":3,"5":3,"6":3,"7":3,"8":3},"f":{},"b":{},"_coverageSchema":"1a1c01bbd47fc00a2c39e90264f33305004495a9","hash":"fb061a3a467924cd1b7b42c3430cf13d5ff9f0d0"}
,"D:\\Development\\Coding\\Web Dev\\MERN\\Projects\\user-management-system\\backend\\src\\routes\\user.routes.js": {"path":"D:\\Development\\Coding\\Web Dev\\MERN\\Projects\\user-management-system\\backend\\src\\routes\\user.routes.js","statementMap":{"0":{"start":{"line":1,"column":15},"end":{"line":1,"column":42}},"1":{"start":{"line":2,"column":13},"end":{"line":2,"column":53}},"2":{"start":{"line":3,"column":13},"end":{"line":3,"column":53}},"3":{"start":{"line":4,"column":13},"end":{"line":4,"column":54}},"4":{"start":{"line":5,"column":58},"end":{"line":5,"column":93}},"5":{"start":{"line":7,"column":0},"end":{"line":7,"column":55}},"6":{"start":{"line":8,"column":0},"end":{"line":8,"column":68}},"7":{"start":{"line":9,"column":0},"end":{"line":9,"column":67}},"8":{"start":{"line":10,"column":0},"end":{"line":10,"column":78}},"9":{"start":{"line":12,"column":0},"end":{"line":12,"column":24}}},"fnMap":{},"branchMap":{},"s":{"0":3,"1":3,"2":3,"3":3,"4":3,"5":3,"6":3,"7":3,"8":3,"9":3},"f":{},"b":{},"_coverageSchema":"1a1c01bbd47fc00a2c39e90264f33305004495a9","hash":"166a24a00884386b096e45d409bb6a3fbddff91f"}
,"D:\\Development\\Coding\\Web Dev\\MERN\\Projects\\user-management-system\\backend\\src\\tests\\testDb.js": {"path":"D:\\Development\\Coding\\Web Dev\\MERN\\Projects\\user-management-system\\backend\\src\\tests\\testDb.js","statementMap":{"0":{"start":{"line":1,"column":17},"end":{"line":1,"column":36}},"1":{"start":{"line":2,"column":30},"end":{"line":2,"column":62}},"2":{"start":{"line":7,"column":16},"end":{"line":15,"column":1}},"3":{"start":{"line":9,"column":4},"end":{"line":9,"column":32}},"4":{"start":{"line":11,"column":4},"end":{"line":11,"column":51}},"5":{"start":{"line":12,"column":16},"end":{"line":12,"column":36}},"6":{"start":{"line":14,"column":4},"end":{"line":14,"column":32}},"7":{"start":{"line":18,"column":22},"end":{"line":23,"column":1}},"8":{"start":{"line":19,"column":24},"end":{"line":19,"column":55}},"9":{"start":{"line":20,"column":4},"end":{"line":22,"column":5}},"10":{"start":{"line":21,"column":8},"end":{"line":21,"column":44}},"11":{"start":{"line":26,"column":22},"end":{"line":32,"column":1}},"12":{"start":{"line":27,"column":4},"end":{"line":27,"column":45}},"13":{"start":{"line":28,"column":4},"end":{"line":28,"column":38}},"14":{"start":{"line":29,"column":4},"end":{"line":31,"column":5}},"15":{"start":{"line":30,"column":8},"end":{"line":30,"column":33}},"16":{"start":{"line":34,"column":0},"end":{"line":38,"column":2}}},"fnMap":{"0":{"name":"(anonymous_0)","decl":{"start":{"line":7,"column":16},"end":{"line":7,"column":17}},"loc":{"start":{"line":7,"column":28},"end":{"line":15,"column":1}},"line":7},"1":{"name":"(anonymous_1)","decl":{"start":{"line":18,"column":22},"end":{"line":18,"column":23}},"loc":{"start":{"line":18,"column":34},"end":{"line":23,"column":1}},"line":18},"2":{"name":"(anonymous_2)","decl":{"start":{"line":26,"column":22},"end":{"line":26,"column":23}},"loc":{"start":{"line":26,"column":34},"end":{"line":32,"column":1}},"line":26}},"branchMap":{"0":{"loc":{"start":{"line":29,"column":4},"end":{"line":31,"column":5}},"type":"if","locations":[{"start":{"line":29,"column":4},"end":{"line":31,"column":5}},{"start":{},"end":{}}],"line":29}},"s":{"0":3,"1":3,"2":3,"3":3,"4":3,"5":3,"6":3,"7":3,"8":60,"9":60,"10":60,"11":3,"12":3,"13":3,"14":3,"15":3,"16":3},"f":{"0":3,"1":60,"2":3},"b":{"0":[3,0]},"_coverageSchema":"1a1c01bbd47fc00a2c39e90264f33305004495a9","hash":"5e5867f6659a3935f19510b9ae525118d0ae46fd"}
,"D:\\Development\\Coding\\Web Dev\\MERN\\Projects\\user-management-system\\backend\\src\\utils\\token.js": {"path":"D:\\Development\\Coding\\Web Dev\\MERN\\Projects\\user-management-system\\backend\\src\\utils\\token.js","statementMap":{"0":{"start":{"line":1,"column":12},"end":{"line":1,"column":35}},"1":{"start":{"line":3,"column":22},"end":{"line":8,"column":5}},"2":{"start":{"line":4,"column":4},"end":{"line":8,"column":5}},"3":{"start":{"line":10,"column":0},"end":{"line":10,"column":31}}},"fnMap":{"0":{"name":"(anonymous_0)","decl":{"start":{"line":3,"column":22},"end":{"line":3,"column":23}},"loc":{"start":{"line":4,"column":4},"end":{"line":8,"column":5}},"line":4}},"branchMap":{},"s":{"0":3,"1":3,"2":64,"3":3},"f":{"0":64},"b":{},"_coverageSchema":"1a1c01bbd47fc00a2c39e90264f33305004495a9","hash":"8c66704b73aa7c0a93328067bdf2dcc1c86ef9de"}
}
