TN:
SF:src\app.js
FN:20,(anonymous_0)
FN:34,(anonymous_1)
FNF:2
FNH:1
FNDA:0,(anonymous_0)
FNDA:1,(anonymous_1)
DA:1,3
DA:2,3
DA:3,3
DA:4,3
DA:6,3
DA:9,3
DA:15,3
DA:16,3
DA:17,3
DA:20,3
DA:21,0
DA:30,3
DA:31,3
DA:34,3
DA:35,1
DA:42,3
DA:44,3
LF:17
LH:16
BRDA:10,0,0,3
BRDA:10,0,1,3
BRF:2
BRH:2
end_of_record
TN:
SF:src\controllers\auth.controller.js
FN:6,(anonymous_0)
FN:58,(anonymous_1)
FN:121,(anonymous_2)
FN:135,(anonymous_3)
FNF:4
FNH:4
FNDA:42,(anonymous_0)
FNDA:26,(anonymous_1)
FNDA:2,(anonymous_2)
FNDA:2,(anonymous_3)
DA:1,3
DA:2,3
DA:3,3
DA:4,3
DA:6,3
DA:7,42
DA:8,42
DA:11,42
DA:12,42
DA:13,1
DA:20,41
DA:23,41
DA:30,41
DA:33,41
DA:41,41
DA:54,0
DA:58,3
DA:59,26
DA:60,26
DA:63,26
DA:64,26
DA:65,1
DA:72,25
DA:73,25
DA:74,1
DA:81,24
DA:82,1
DA:89,23
DA:90,23
DA:93,23
DA:96,23
DA:104,23
DA:117,0
DA:121,3
DA:122,2
DA:124,2
DA:126,2
DA:131,0
DA:135,3
DA:136,2
DA:137,2
DA:139,2
DA:140,0
DA:146,2
DA:160,0
LF:45
LH:40
BRDA:12,0,0,1
BRDA:12,0,1,41
BRDA:64,1,0,1
BRDA:64,1,1,25
BRDA:73,2,0,1
BRDA:73,2,1,24
BRDA:81,3,0,1
BRDA:81,3,1,23
BRDA:139,4,0,0
BRDA:139,4,1,2
BRF:10
BRH:9
end_of_record
TN:
SF:src\controllers\user.controller.js
FN:5,(anonymous_0)
FN:41,(anonymous_1)
FN:82,(anonymous_2)
FN:135,(anonymous_3)
FNF:4
FNH:4
FNDA:2,(anonymous_0)
FNDA:4,(anonymous_1)
FNDA:4,(anonymous_2)
FNDA:3,(anonymous_3)
DA:1,3
DA:2,3
DA:3,3
DA:5,3
DA:6,2
DA:7,2
DA:8,2
DA:9,2
DA:12,2
DA:15,2
DA:22,2
DA:24,2
DA:37,0
DA:41,3
DA:42,4
DA:43,4
DA:46,4
DA:47,4
DA:48,1
DA:55,3
DA:56,1
DA:63,2
DA:64,2
DA:66,2
DA:78,0
DA:82,3
DA:83,4
DA:84,4
DA:85,4
DA:88,4
DA:89,2
DA:94,2
DA:95,1
DA:103,3
DA:112,3
DA:113,0
DA:119,3
DA:131,0
DA:135,3
DA:136,3
DA:137,3
DA:138,3
DA:141,3
DA:142,3
DA:143,0
DA:150,3
DA:151,3
DA:152,1
DA:159,2
DA:162,2
DA:163,2
DA:165,2
DA:170,0
LF:53
LH:47
BRDA:7,0,0,2
BRDA:7,0,1,0
BRDA:8,1,0,2
BRDA:8,1,1,0
BRDA:47,2,0,1
BRDA:47,2,1,3
BRDA:55,3,0,1
BRDA:55,3,1,2
BRDA:63,4,0,1
BRDA:63,4,1,1
BRDA:68,5,0,1
BRDA:68,5,1,1
BRDA:88,6,0,2
BRDA:88,6,1,2
BRDA:94,7,0,1
BRDA:94,7,1,1
BRDA:106,8,0,3
BRDA:106,8,1,2
BRDA:107,9,0,3
BRDA:107,9,1,1
BRDA:112,10,0,0
BRDA:112,10,1,3
BRDA:142,11,0,0
BRDA:142,11,1,3
BRDA:151,12,0,1
BRDA:151,12,1,2
BRF:26
BRH:22
end_of_record
TN:
SF:src\middleware\auth.middleware.js
FN:3,(anonymous_0)
FNF:1
FNH:1
FNDA:28,(anonymous_0)
DA:1,3
DA:3,3
DA:5,28
DA:8,28
DA:9,28
DA:10,25
DA:14,28
DA:15,0
DA:18,28
DA:19,3
DA:25,25
DA:26,25
DA:27,23
DA:28,23
DA:30,2
LF:15
LH:14
BRDA:9,0,0,25
BRDA:9,0,1,3
BRDA:9,1,0,28
BRDA:9,1,1,25
BRDA:14,2,0,0
BRDA:14,2,1,28
BRDA:14,3,0,28
BRDA:14,3,1,3
BRDA:18,4,0,3
BRDA:18,4,1,25
BRDA:32,5,0,0
BRDA:32,5,1,2
BRF:12
BRH:10
end_of_record
TN:
SF:src\middleware\errorHandler.js
FN:2,(anonymous_0)
FN:23,(anonymous_1)
FN:68,(anonymous_2)
FNF:3
FNH:0
FNDA:0,(anonymous_0)
FNDA:0,(anonymous_1)
FNDA:0,(anonymous_2)
DA:2,3
DA:3,0
DA:6,0
DA:13,0
DA:14,0
DA:15,0
DA:16,0
DA:20,0
DA:21,0
DA:22,0
DA:23,0
DA:30,0
DA:31,0
DA:32,0
DA:36,0
DA:37,0
DA:38,0
DA:41,0
DA:42,0
DA:43,0
DA:47,0
DA:54,0
DA:55,0
DA:59,0
DA:60,0
DA:63,0
DA:69,0
DA:70,0
DA:71,0
DA:73,0
DA:77,3
LF:31
LH:2
BRDA:8,0,0,0
BRDA:8,0,1,0
BRDA:9,1,0,0
BRDA:9,1,1,0
BRDA:13,2,0,0
BRDA:13,2,1,0
BRDA:20,3,0,0
BRDA:20,3,1,0
BRDA:30,4,0,0
BRDA:30,4,1,0
BRDA:36,5,0,0
BRDA:36,5,1,0
BRDA:41,6,0,0
BRDA:41,6,1,0
BRDA:54,7,0,0
BRDA:54,7,1,0
BRDA:59,8,0,0
BRDA:59,8,1,0
BRF:18
BRH:0
end_of_record
TN:
SF:src\middleware\role.middleware.js
FN:1,(anonymous_0)
FN:1,(anonymous_1)
FNF:2
FNH:2
FNDA:6,(anonymous_0)
FNDA:8,(anonymous_1)
DA:1,6
DA:2,8
DA:3,2
DA:8,6
LF:4
LH:4
BRDA:2,0,0,2
BRDA:2,0,1,6
BRF:2
BRH:2
end_of_record
TN:
SF:src\middleware\validators.js
FN:4,(anonymous_0)
FN:10,(anonymous_1)
FN:47,(anonymous_2)
FN:113,(anonymous_3)
FN:119,(anonymous_4)
FNF:5
FNH:5
FNDA:99,(anonymous_0)
FNDA:31,(anonymous_1)
FNDA:59,(anonymous_2)
FNDA:6,(anonymous_3)
FNDA:6,(anonymous_4)
DA:1,3
DA:4,3
DA:5,99
DA:6,99
DA:7,24
DA:10,31
DA:16,75
DA:20,3
DA:47,59
DA:54,3
DA:71,3
DA:101,3
DA:113,6
DA:119,6
DA:125,3
LF:15
LH:15
BRDA:6,0,0,24
BRDA:6,0,1,75
BRF:2
BRH:2
end_of_record
TN:
SF:src\models\User.js
FN:36,(anonymous_0)
FNF:1
FNH:1
FNDA:7,(anonymous_0)
DA:1,3
DA:3,3
DA:37,7
DA:38,7
DA:39,7
DA:40,7
DA:47,3
DA:49,3
LF:8
LH:8
BRF:0
BRH:0
end_of_record
TN:
SF:src\routes\auth.routes.js
FNF:0
FNH:0
DA:1,3
DA:2,3
DA:3,3
DA:4,3
DA:6,3
DA:7,3
DA:8,3
DA:9,3
DA:11,3
LF:9
LH:9
BRF:0
BRH:0
end_of_record
TN:
SF:src\routes\user.routes.js
FNF:0
FNH:0
DA:1,3
DA:2,3
DA:3,3
DA:4,3
DA:5,3
DA:7,3
DA:8,3
DA:9,3
DA:10,3
DA:12,3
LF:10
LH:10
BRF:0
BRH:0
end_of_record
TN:
SF:src\tests\testDb.js
FN:7,(anonymous_0)
FN:18,(anonymous_1)
FN:26,(anonymous_2)
FNF:3
FNH:3
FNDA:3,(anonymous_0)
FNDA:60,(anonymous_1)
FNDA:3,(anonymous_2)
DA:1,3
DA:2,3
DA:7,3
DA:9,3
DA:11,3
DA:12,3
DA:14,3
DA:18,3
DA:19,60
DA:20,60
DA:21,60
DA:26,3
DA:27,3
DA:28,3
DA:29,3
DA:30,3
DA:34,3
LF:17
LH:17
BRDA:29,0,0,3
BRDA:29,0,1,0
BRF:2
BRH:1
end_of_record
TN:
SF:src\utils\token.js
FN:3,(anonymous_0)
FNF:1
FNH:1
FNDA:64,(anonymous_0)
DA:1,3
DA:3,3
DA:4,64
DA:10,3
LF:4
LH:4
BRF:0
BRH:0
end_of_record
